
[Ablation Mode] M0
[WidarDataset] loaded 5400 samples, gesture_map={'G01': 0, 'G02': 1, 'G03': 2, 'G04': 3, 'G05': 4, 'G06': 5}
[WidarDataset] loaded 1350 samples, gesture_map={'G01': 0, 'G02': 1, 'G03': 2, 'G04': 3, 'G05': 4, 'G06': 5}
[WidarDataset] loaded 5400 samples, gesture_map={'G01': 0, 'G02': 1, 'G03': 2, 'G04': 3, 'G05': 4, 'G06': 5}
Train set size: 5400 samples, 169 batches
Test set size:  1350 samples, 43 batches
Source eval size: 5400 samples

======== ROUND 0 ========  [Ablation: M0]
==== M0 Baseline: CE Only ====
epoch            total_loss       cls_loss        
0                0.2592569292     0.2592569292    
1                0.4102050066     0.4102050066    
2                0.0573335439     0.0573335439    
3                0.0897607729     0.0897607729    
  Source acc: 0.982778  |  Target acc: 0.965926
  Best target acc: 0.965926

======== ROUND 1 ========  [Ablation: M0]
==== M0 Baseline: CE Only ====
epoch            total_loss       cls_loss        
0                0.0761510357     0.0761510357    
1                0.2619810104     0.2619810104    
2                0.1125645414     0.1125645414    
3                0.0143479602     0.0143479602    
  Source acc: 0.996667  |  Target acc: 0.985185
  Best target acc: 0.985185

======== ROUND 2 ========  [Ablation: M0]
==== M0 Baseline: CE Only ====
epoch            total_loss       cls_loss        
0                0.0119969025     0.0119969025    
1                0.0039599058     0.0039599058    
2                0.0930459127     0.0930459127    
3                0.0114995725     0.0114995725    
  Source acc: 0.992407  |  Target acc: 0.982222
  Best target acc: 0.985185

======== ROUND 3 ========  [Ablation: M0]
==== M0 Baseline: CE Only ====
epoch            total_loss       cls_loss        
0                0.0480154641     0.0480154641    
1                0.0453848578     0.0453848578    
2                0.3707028329     0.3707028329    
3                0.2942372262     0.2942372262    
  Source acc: 0.993889  |  Target acc: 0.985185
  Best target acc: 0.985185

======== ROUND 4 ========  [Ablation: M0]
==== M0 Baseline: CE Only ====
epoch            total_loss       cls_loss        
0                0.1857817322     0.1857817322    
1                0.0034253385     0.0034253385    
2                0.1077566817     0.1077566817    
3                0.0202352591     0.0202352591    
  Source acc: 0.999630  |  Target acc: 0.993333
  Best target acc: 0.993333

======== ROUND 5 ========  [Ablation: M0]
==== M0 Baseline: CE Only ====
epoch            total_loss       cls_loss        
0                0.0059084948     0.0059084948    
1                0.0208401997     0.0208401997    
2                0.0051193205     0.0051193205    
3                0.0781034455     0.0781034455    
  Source acc: 0.998519  |  Target acc: 0.991852
  Best target acc: 0.993333

======== ROUND 6 ========  [Ablation: M0]
==== M0 Baseline: CE Only ====
epoch            total_loss       cls_loss        
0                0.0078494614     0.0078494614    
1                0.1730023474     0.1730023474    
2                0.0161666796     0.0161666796    
3                0.0443445742     0.0443445742    
  Source acc: 0.998889  |  Target acc: 0.984444
  Best target acc: 0.993333

======== ROUND 7 ========  [Ablation: M0]
==== M0 Baseline: CE Only ====
epoch            total_loss       cls_loss        
0                0.0070720911     0.0070720911    
1                0.0482105501     0.0482105501    
2                0.0234130919     0.0234130919    
3                0.0274571329     0.0274571329    
  Source acc: 1.000000  |  Target acc: 0.994074
  Best target acc: 0.994074

======== ROUND 8 ========  [Ablation: M0]
==== M0 Baseline: CE Only ====
epoch            total_loss       cls_loss        
0                0.0182480905     0.0182480905    
1                0.0499563925     0.0499563925    
2                0.0812866241     0.0812866241    
3                0.0014151515     0.0014151515    
  Source acc: 0.998704  |  Target acc: 0.994074
  Best target acc: 0.994074

======== ROUND 9 ========  [Ablation: M0]
==== M0 Baseline: CE Only ====
epoch            total_loss       cls_loss        
0                0.0042706854     0.0042706854    
1                0.0158251915     0.0158251915    
2                0.0006703362     0.0006703362    
3                0.0012945841     0.0012945841    
  Source acc: 0.998148  |  Target acc: 0.994074
  Best target acc: 0.994074

======== ROUND 10 ========  [Ablation: M0]
==== M0 Baseline: CE Only ====
epoch            total_loss       cls_loss        
0                0.0080807135     0.0080807135    
1                0.0046215053     0.0046215053    
2                0.0003816925     0.0003816925    
3                0.0007922603     0.0007922603    
  Source acc: 1.000000  |  Target acc: 0.997037
  Best target acc: 0.997037

======== ROUND 11 ========  [Ablation: M0]
==== M0 Baseline: CE Only ====
epoch            total_loss       cls_loss        
0                0.0008500631     0.0008500631    
1                0.0036484143     0.0036484143    
2                0.0016088480     0.0016088480    
3                0.0021696782     0.0021696782    
  Source acc: 1.000000  |  Target acc: 0.997037
  Best target acc: 0.997037

======== ROUND 12 ========  [Ablation: M0]
==== M0 Baseline: CE Only ====
epoch            total_loss       cls_loss        
0                0.0005014692     0.0005014692    
1                0.0001847724     0.0001847724    
2                0.0008725058     0.0008725058    
3                0.0002980065     0.0002980065    
  Source acc: 1.000000  |  Target acc: 0.997037
  Best target acc: 0.997037

======== ROUND 13 ========  [Ablation: M0]
==== M0 Baseline: CE Only ====
epoch            total_loss       cls_loss        
0                0.0003230562     0.0003230562    
1                0.0013415265     0.0013415265    
2                0.0209956262     0.0209956262    
3                0.0020816233     0.0020816233    
  Source acc: 1.000000  |  Target acc: 0.997778
  Best target acc: 0.997778

======== ROUND 14 ========  [Ablation: M0]
==== M0 Baseline: CE Only ====
epoch            total_loss       cls_loss        
0                0.0006046099     0.0006046099    
1                0.0072467527     0.0072467527    
2                0.0008721373     0.0008721373    
3                0.0082217129     0.0082217129    
  Source acc: 1.000000  |  Target acc: 0.997037
  Best target acc: 0.997778

======== ROUND 15 ========  [Ablation: M0]
==== M0 Baseline: CE Only ====
epoch            total_loss       cls_loss        
0                0.0100502698     0.0100502698    
1                0.0003634095     0.0003634095    
2                0.0002751647     0.0002751647    
3                0.0005081511     0.0005081511    
  Source acc: 1.000000  |  Target acc: 0.997037
  Best target acc: 0.997778

======== ROUND 16 ========  [Ablation: M0]
==== M0 Baseline: CE Only ====
epoch            total_loss       cls_loss        
0                0.0005126901     0.0005126901    
1                0.0007738404     0.0007738404    
2                0.0071537052     0.0071537052    
3                0.0023493697     0.0023493697    
  Source acc: 1.000000  |  Target acc: 0.997778
  Best target acc: 0.997778

======== ROUND 17 ========  [Ablation: M0]
==== M0 Baseline: CE Only ====
epoch            total_loss       cls_loss        
0                0.0004093150     0.0004093150    
1                0.0016635879     0.0016635879    
2                0.0014749644     0.0014749644    
3                0.0004641256     0.0004641256    
  Source acc: 1.000000  |  Target acc: 0.998519
  Best target acc: 0.998519

======== ROUND 18 ========  [Ablation: M0]
==== M0 Baseline: CE Only ====
epoch            total_loss       cls_loss        
0                0.0005800531     0.0005800531    
1                0.0004957209     0.0004957209    
2                0.0010196700     0.0010196700    
3                0.0004570229     0.0004570229    
  Source acc: 1.000000  |  Target acc: 0.998519
  Best target acc: 0.998519

======== ROUND 19 ========  [Ablation: M0]
==== M0 Baseline: CE Only ====
epoch            total_loss       cls_loss        
0                0.0015946204     0.0015946204    
1                0.0005315561     0.0005315561    
2                0.0066415300     0.0066415300    
3                0.0013335265     0.0013335265    
  Source acc: 1.000000  |  Target acc: 0.997778
  Best target acc: 0.998519

======== ROUND 20 ========  [Ablation: M0]
==== M0 Baseline: CE Only ====
epoch            total_loss       cls_loss        
0                0.0011800904     0.0011800904    
1                0.0007442607     0.0007442607    
2                0.0009293875     0.0009293875    
3                0.0003683979     0.0003683979    
  Source acc: 1.000000  |  Target acc: 0.997037
  Best target acc: 0.998519

======== ROUND 21 ========  [Ablation: M0]
==== M0 Baseline: CE Only ====
epoch            total_loss       cls_loss        
0                0.0004457415     0.0004457415    
1                0.0004706225     0.0004706225    
2                0.0005296043     0.0005296043    
3                0.0021612521     0.0021612521    
  Source acc: 1.000000  |  Target acc: 0.998519
  Best target acc: 0.998519

======== ROUND 22 ========  [Ablation: M0]
==== M0 Baseline: CE Only ====
epoch            total_loss       cls_loss        
0                0.0094042392     0.0094042392    
1                0.0005465814     0.0005465814    
2                0.0003699553     0.0003699553    
3                0.0007914405     0.0007914405    
  Source acc: 1.000000  |  Target acc: 0.998519
  Best target acc: 0.998519

======== ROUND 23 ========  [Ablation: M0]
==== M0 Baseline: CE Only ====
epoch            total_loss       cls_loss        
0                0.0004248438     0.0004248438    
1                0.0144113237     0.0144113237    
2                0.0008195306     0.0008195306    
3                0.0007989799     0.0007989799    
  Source acc: 1.000000  |  Target acc: 0.997778
  Best target acc: 0.998519

======== ROUND 24 ========  [Ablation: M0]
==== M0 Baseline: CE Only ====
epoch            total_loss       cls_loss        
0                0.0008441700     0.0008441700    
1                0.0005258981     0.0005258981    
2                0.0021524942     0.0021524942    
3                0.0004395969     0.0004395969    
  Source acc: 1.000000  |  Target acc: 0.997778
  Best target acc: 0.998519

======== ROUND 25 ========  [Ablation: M0]
==== M0 Baseline: CE Only ====
epoch            total_loss       cls_loss        
0                0.0002783134     0.0002783134    
1                0.0005679489     0.0005679489    
2                0.0006722259     0.0006722259    
3                0.0020525723     0.0020525723    
  Source acc: 1.000000  |  Target acc: 0.997778
  Best target acc: 0.998519

======== ROUND 26 ========  [Ablation: M0]
==== M0 Baseline: CE Only ====
epoch            total_loss       cls_loss        
0                0.0002577311     0.0002577311    
1                0.0012342082     0.0012342082    
2                0.0005656328     0.0005656328    
3                0.0005275186     0.0005275186    
  Source acc: 1.000000  |  Target acc: 0.997778
  Best target acc: 0.998519

======== ROUND 27 ========  [Ablation: M0]
==== M0 Baseline: CE Only ====
epoch            total_loss       cls_loss        
0                0.0002941404     0.0002941404    
1                0.0008001185     0.0008001185    
2                0.0006386820     0.0006386820    
3                0.0005264249     0.0005264249    
  Source acc: 1.000000  |  Target acc: 0.997778
  Best target acc: 0.998519

======== ROUND 28 ========  [Ablation: M0]
==== M0 Baseline: CE Only ====
epoch            total_loss       cls_loss        
0                0.0004329333     0.0004329333    
1                0.0003023385     0.0003023385    
2                0.0023945782     0.0023945782    
3                0.0002831783     0.0002831783    
  Source acc: 1.000000  |  Target acc: 0.998519
  Best target acc: 0.998519

======== ROUND 29 ========  [Ablation: M0]
==== M0 Baseline: CE Only ====
epoch            total_loss       cls_loss        
0                0.0011147037     0.0011147037    
1                0.0005499223     0.0005499223    
2                0.0006040453     0.0006040453    
3                0.0007602901     0.0007602901    
  Source acc: 1.000000  |  Target acc: 0.997778
  Best target acc: 0.998519

======== ROUND 30 ========  [Ablation: M0]
==== M0 Baseline: CE Only ====
epoch            total_loss       cls_loss        
0                0.0007348210     0.0007348210    
1                0.0014661468     0.0014661468    
2                0.0012741276     0.0012741276    
3                0.0006604611     0.0006604611    
  Source acc: 1.000000  |  Target acc: 0.997778
  Best target acc: 0.998519

======== ROUND 31 ========  [Ablation: M0]
==== M0 Baseline: CE Only ====
epoch            total_loss       cls_loss        
0                0.0004666753     0.0004666753    
1                0.0003091669     0.0003091669    
2                0.0005484853     0.0005484853    
3                0.0004643429     0.0004643429    
  Source acc: 1.000000  |  Target acc: 0.997778
  Best target acc: 0.998519

======== ROUND 32 ========  [Ablation: M0]
==== M0 Baseline: CE Only ====
epoch            total_loss       cls_loss        
0                0.0003460411     0.0003460411    
1                0.0003941657     0.0003941657    
2                0.0004197625     0.0004197625    
3                0.0005512247     0.0005512247    
  Source acc: 1.000000  |  Target acc: 0.997778
  Best target acc: 0.998519

======== ROUND 33 ========  [Ablation: M0]
==== M0 Baseline: CE Only ====
epoch            total_loss       cls_loss        
0                0.0009365396     0.0009365396    
1                0.0009175176     0.0009175176    
2                0.0005231695     0.0005231695    
3                0.0004114758     0.0004114758    
  Source acc: 1.000000  |  Target acc: 0.997778
  Best target acc: 0.998519

======== ROUND 34 ========  [Ablation: M0]
==== M0 Baseline: CE Only ====
epoch            total_loss       cls_loss        
0                0.0021608758     0.0021608758    
1                0.0009406484     0.0009406484    
2                0.0031971147     0.0031971147    
3                0.0004506273     0.0004506273    
  Source acc: 1.000000  |  Target acc: 0.997778
  Best target acc: 0.998519

======== ROUND 35 ========  [Ablation: M0]
==== M0 Baseline: CE Only ====
epoch            total_loss       cls_loss        
0                0.0004899178     0.0004899178    
1                0.0006868134     0.0006868134    
2                0.0004884882     0.0004884882    
3                0.0007138404     0.0007138404    
  Source acc: 1.000000  |  Target acc: 0.997778
  Best target acc: 0.998519

======== ROUND 36 ========  [Ablation: M0]
==== M0 Baseline: CE Only ====
epoch            total_loss       cls_loss        
0                0.0003444638     0.0003444638    
1                0.0007492571     0.0007492571    
2                0.0025281385     0.0025281385    
3                0.0003502714     0.0003502714    
  Source acc: 1.000000  |  Target acc: 0.997778
  Best target acc: 0.998519

======== ROUND 37 ========  [Ablation: M0]
==== M0 Baseline: CE Only ====
epoch            total_loss       cls_loss        
0                0.0005753862     0.0005753862    
1                0.0002905029     0.0002905029    
2                0.0015057119     0.0015057119    
3                0.0004761092     0.0004761092    
  Source acc: 1.000000  |  Target acc: 0.997778
  Best target acc: 0.998519

======== ROUND 38 ========  [Ablation: M0]
==== M0 Baseline: CE Only ====
epoch            total_loss       cls_loss        
0                0.0004107499     0.0004107499    
1                0.0006967075     0.0006967075    
2                0.0003829915     0.0003829915    
3                0.0009600117     0.0009600117    
  Source acc: 1.000000  |  Target acc: 0.997778
  Best target acc: 0.998519

======== ROUND 39 ========  [Ablation: M0]
==== M0 Baseline: CE Only ====
epoch            total_loss       cls_loss        
0                0.0013235008     0.0013235008    
1                0.0007683581     0.0007683581    
2                0.0004031628     0.0004031628    
3                0.0019777550     0.0019777550    
  Source acc: 1.000000  |  Target acc: 0.998519
  Best target acc: 0.998519

======== ROUND 40 ========  [Ablation: M0]
==== M0 Baseline: CE Only ====
epoch            total_loss       cls_loss        
0                0.0007850309     0.0007850309    
1                0.0008884369     0.0008884369    
2                0.0004048205     0.0004048205    
3                0.0006430477     0.0006430477    
  Source acc: 1.000000  |  Target acc: 0.997778
  Best target acc: 0.998519

======== ROUND 41 ========  [Ablation: M0]
==== M0 Baseline: CE Only ====
epoch            total_loss       cls_loss        
0                0.0069410815     0.0069410815    
1                0.0007745848     0.0007745848    
2                0.0007567319     0.0007567319    
3                0.0005984424     0.0005984424    
  Source acc: 1.000000  |  Target acc: 0.998519
  Best target acc: 0.998519

======== ROUND 42 ========  [Ablation: M0]
==== M0 Baseline: CE Only ====
epoch            total_loss       cls_loss        
0                0.0007076724     0.0007076724    
1                0.0033790385     0.0033790385    
2                0.0005414693     0.0005414693    
3                0.0006338626     0.0006338626    
  Source acc: 1.000000  |  Target acc: 0.997778
  Best target acc: 0.998519

======== ROUND 43 ========  [Ablation: M0]
==== M0 Baseline: CE Only ====
epoch            total_loss       cls_loss        
0                0.0004932666     0.0004932666    
1                0.0010502959     0.0010502959    
2                0.0006626656     0.0006626656    
3                0.0029532223     0.0029532223    
  Source acc: 1.000000  |  Target acc: 0.997778
  Best target acc: 0.998519

======== ROUND 44 ========  [Ablation: M0]
==== M0 Baseline: CE Only ====
epoch            total_loss       cls_loss        
0                0.0003371324     0.0003371324    
1                0.0009072686     0.0009072686    
2                0.0009497632     0.0009497632    
3                0.0004852186     0.0004852186    
  Source acc: 1.000000  |  Target acc: 0.998519
  Best target acc: 0.998519

======== ROUND 45 ========  [Ablation: M0]
==== M0 Baseline: CE Only ====
epoch            total_loss       cls_loss        
0                0.0003029304     0.0003029304    
1                0.0017701801     0.0017701801    
2                0.0004345405     0.0004345405    
3                0.0011307473     0.0011307473    
  Source acc: 1.000000  |  Target acc: 0.997778
  Best target acc: 0.998519

======== ROUND 46 ========  [Ablation: M0]
==== M0 Baseline: CE Only ====
epoch            total_loss       cls_loss        
0                0.0010961978     0.0010961978    
1                0.0003081535     0.0003081535    
2                0.0004429433     0.0004429433    
3                0.0005543788     0.0005543788    
  Source acc: 1.000000  |  Target acc: 0.997778
  Best target acc: 0.998519

======== ROUND 47 ========  [Ablation: M0]
==== M0 Baseline: CE Only ====
epoch            total_loss       cls_loss        
0                0.0003942572     0.0003942572    
1                0.0004356184     0.0004356184    
2                0.0003786051     0.0003786051    
3                0.0005405993     0.0005405993    
  Source acc: 1.000000  |  Target acc: 0.997778
  Best target acc: 0.998519

======== ROUND 48 ========  [Ablation: M0]
==== M0 Baseline: CE Only ====
epoch            total_loss       cls_loss        
0                0.0005257730     0.0005257730    
1                0.0011427948     0.0011427948    
2                0.0005192987     0.0005192987    
3                0.0016147656     0.0016147656    
  Source acc: 1.000000  |  Target acc: 0.997778
  Best target acc: 0.998519

======== ROUND 49 ========  [Ablation: M0]
==== M0 Baseline: CE Only ====
epoch            total_loss       cls_loss        
0                0.0004276820     0.0004276820    
1                0.0006383003     0.0006383003    
2                0.0008433613     0.0008433613    
3                0.0015885219     0.0015885219    
  Source acc: 1.000000  |  Target acc: 0.997778
  Best target acc: 0.998519

Results saved to log/ablation_cross_loc_M0
acc.txt: log/ablation_cross_loc_M0/acc.txt
bestacc.txt: log/ablation_cross_loc_M0/bestacc.txt
