
[Ablation Mode] M1
[WidarDataset] loaded 5400 samples, gesture_map={'G01': 0, 'G02': 1, 'G03': 2, 'G04': 3, 'G05': 4, 'G06': 5}
[WidarDataset] loaded 1350 samples, gesture_map={'G01': 0, 'G02': 1, 'G03': 2, 'G04': 3, 'G05': 4, 'G06': 5}
[WidarDataset] loaded 5400 samples, gesture_map={'G01': 0, 'G02': 1, 'G03': 2, 'G04': 3, 'G05': 4, 'G06': 5}
Train set size: 5400 samples, 169 batches
Test set size:  1350 samples, 43 batches
Source eval size: 5400 samples

======== ROUND 0 ========  [Ablation: M1]
==== Stage 1: SupCon Pre-training ====
epoch            total_loss       cls_loss        
0                0.2060628682     0.2060628682    
1                0.0851449072     0.0851449072    
==== Stage 2: Latent Domain PCL ====
epoch            total_loss       dis_loss         proto_loss       ent_pen_loss    
0                2.7860581875     2.4860582352     0.0000000000     0.3000000119    
Counter({0: 2549, 1: 2068, 2: 783})
==== Stage 3: Domain-invariant + HardNCE ====
epoch            total_loss       cls_loss         dis_loss         hard_loss       
0                0.5322845578     0.2014538199     0.3247604072     0.0202343874    
  Source acc: 0.961481  |  Target acc: 0.935556
  Best target acc: 0.935556

======== ROUND 1 ========  [Ablation: M1]
==== Stage 1: SupCon Pre-training ====
epoch            total_loss       cls_loss        
0                0.3795552254     0.3795552254    
1                0.0392940678     0.0392940678    
==== Stage 2: Latent Domain PCL ====
epoch            total_loss       dis_loss         proto_loss       ent_pen_loss    
0                1.3263535500     1.1714403629     0.2690830827     0.0203717351    
Counter({2: 2712, 1: 1404, 0: 1284})
==== Stage 3: Domain-invariant + HardNCE ====
epoch            total_loss       cls_loss         dis_loss         hard_loss       
0                0.9281653762     0.0989161134     0.8215188980     0.0257678032    
  Source acc: 0.973148  |  Target acc: 0.952593
  Best target acc: 0.952593

======== ROUND 2 ========  [Ablation: M1]
==== Stage 1: SupCon Pre-training ====
epoch            total_loss       cls_loss        
0                0.1320831776     0.1320831776    
1                0.0392021351     0.0392021351    
==== Stage 2: Latent Domain PCL ====
epoch            total_loss       dis_loss         proto_loss       ent_pen_loss    
0                1.5565185547     1.1979653835     0.6979417801     0.0095823081    
Counter({0: 2519, 1: 1513, 2: 1368})
==== Stage 3: Domain-invariant + HardNCE ====
epoch            total_loss       cls_loss         dis_loss         hard_loss       
0                0.8100879788     0.1154379323     0.6744132042     0.0674561709    
  Source acc: 0.974630  |  Target acc: 0.980000
  Best target acc: 0.980000

======== ROUND 3 ========  [Ablation: M1]
==== Stage 1: SupCon Pre-training ====
epoch            total_loss       cls_loss        
0                0.2203711122     0.2203711122    
1                0.1005880907     0.1005880907    
==== Stage 2: Latent Domain PCL ====
epoch            total_loss       dis_loss         proto_loss       ent_pen_loss    
0                1.6635379791     1.3604303598     0.5799782872     0.0131185073    
Counter({2: 2062, 1: 1802, 0: 1536})
==== Stage 3: Domain-invariant + HardNCE ====
epoch            total_loss       cls_loss         dis_loss         hard_loss       
0                0.8796774149     0.2213028222     0.6451237202     0.0441697054    
  Source acc: 0.997407  |  Target acc: 0.988889
  Best target acc: 0.988889

======== ROUND 4 ========  [Ablation: M1]
==== Stage 1: SupCon Pre-training ====
epoch            total_loss       cls_loss        
0                0.0230643358     0.0230643358    
1                0.0568625815     0.0568625815    
==== Stage 2: Latent Domain PCL ====
epoch            total_loss       dis_loss         proto_loss       ent_pen_loss    
0                1.6083081961     1.3459392786     0.5132381320     0.0057497816    
Counter({1: 3153, 0: 1182, 2: 1065})
==== Stage 3: Domain-invariant + HardNCE ====
epoch            total_loss       cls_loss         dis_loss         hard_loss       
0                1.0416054726     0.0873183012     0.8980938196     0.1873109788    
  Source acc: 0.994444  |  Target acc: 0.981481
  Best target acc: 0.988889

======== ROUND 5 ========  [Ablation: M1]
==== Stage 1: SupCon Pre-training ====
epoch            total_loss       cls_loss        
0                0.0129842758     0.0129842758    
1                0.0502850823     0.0502850823    
==== Stage 2: Latent Domain PCL ====
epoch            total_loss       dis_loss         proto_loss       ent_pen_loss    
0                1.4113705158     1.1750749350     0.3679350317     0.0523280613    
Counter({2: 1985, 1: 1807, 0: 1608})
==== Stage 3: Domain-invariant + HardNCE ====
epoch            total_loss       cls_loss         dis_loss         hard_loss       
0                1.0060061216     0.0911440179     0.8970565200     0.0593520813    
  Source acc: 0.997963  |  Target acc: 0.992593
  Best target acc: 0.992593

======== ROUND 6 ========  [Ablation: M1]
==== Stage 1: SupCon Pre-training ====
epoch            total_loss       cls_loss        
0                0.0128775984     0.0128775984    
1                0.1025870815     0.1025870815    
==== Stage 2: Latent Domain PCL ====
epoch            total_loss       dis_loss         proto_loss       ent_pen_loss    
0                1.7290462255     1.3547226191     0.7294826508     0.0095823081    
Counter({2: 2620, 0: 1836, 1: 944})
==== Stage 3: Domain-invariant + HardNCE ====
epoch            total_loss       cls_loss         dis_loss         hard_loss       
0                0.7785306573     0.0190466791     0.7402572036     0.0640892237    
  Source acc: 0.998148  |  Target acc: 0.988889
  Best target acc: 0.992593

======== ROUND 7 ========  [Ablation: M1]
==== Stage 1: SupCon Pre-training ====
epoch            total_loss       cls_loss        
0                0.0095047625     0.0095047625    
1                0.0832617655     0.0832617655    
==== Stage 2: Latent Domain PCL ====
epoch            total_loss       dis_loss         proto_loss       ent_pen_loss    
0                1.4089850187     1.0961433649     0.4785978198     0.0735427514    
Counter({0: 2544, 2: 2166, 1: 690})
==== Stage 3: Domain-invariant + HardNCE ====
epoch            total_loss       cls_loss         dis_loss         hard_loss       
0                0.9984780550     0.0204833560     0.9705696106     0.0247501936    
  Source acc: 0.996852  |  Target acc: 0.985926
  Best target acc: 0.992593

======== ROUND 8 ========  [Ablation: M1]
==== Stage 1: SupCon Pre-training ====
epoch            total_loss       cls_loss        
0                0.0049567008     0.0049567008    
1                0.0142350281     0.0142350281    
==== Stage 2: Latent Domain PCL ====
epoch            total_loss       dis_loss         proto_loss       ent_pen_loss    
0                2.0072419643     1.5067138672     0.8691203594     0.0659678802    
Counter({2: 2298, 1: 1673, 0: 1429})
==== Stage 3: Domain-invariant + HardNCE ====
epoch            total_loss       cls_loss         dis_loss         hard_loss       
0                1.1196016073     0.0539399572     1.0579235554     0.0257936716    
  Source acc: 0.995000  |  Target acc: 0.988148
  Best target acc: 0.992593

======== ROUND 9 ========  [Ablation: M1]
==== Stage 1: SupCon Pre-training ====
epoch            total_loss       cls_loss        
0                0.0447518118     0.0447518118    
1                0.0111621683     0.0111621683    
==== Stage 2: Latent Domain PCL ====
epoch            total_loss       dis_loss         proto_loss       ent_pen_loss    
0                2.0496382713     1.4523633718     1.1352865696     0.0296316408    
Counter({1: 2231, 2: 1975, 0: 1194})
==== Stage 3: Domain-invariant + HardNCE ====
epoch            total_loss       cls_loss         dis_loss         hard_loss       
0                0.9039384127     0.1668851972     0.7271810770     0.0329071283    
  Source acc: 0.998519  |  Target acc: 0.988148
  Best target acc: 0.992593

======== ROUND 10 ========  [Ablation: M1]
==== Stage 1: SupCon Pre-training ====
epoch            total_loss       cls_loss        
0                0.0103141107     0.0103141107    
1                0.0023057677     0.0023057677    
==== Stage 2: Latent Domain PCL ====
epoch            total_loss       dis_loss         proto_loss       ent_pen_loss    
0                0.4717404246     0.1862361878     0.5350348353     0.0179868266    
Counter({1: 2354, 2: 1621, 0: 1425})
==== Stage 3: Domain-invariant + HardNCE ====
epoch            total_loss       cls_loss         dis_loss         hard_loss       
0                1.6525949240     0.0649296939     1.5818986893     0.0192216244    
  Source acc: 1.000000  |  Target acc: 0.994074
  Best target acc: 0.994074

======== ROUND 11 ========  [Ablation: M1]
==== Stage 1: SupCon Pre-training ====
epoch            total_loss       cls_loss        
0                0.0334760956     0.0334760956    
1                0.0066720801     0.0066720801    
==== Stage 2: Latent Domain PCL ====
epoch            total_loss       dis_loss         proto_loss       ent_pen_loss    
0                0.2650986314     0.0559595339     0.3775346875     0.0203717351    
Counter({0: 2237, 1: 1841, 2: 1322})
==== Stage 3: Domain-invariant + HardNCE ====
epoch            total_loss       cls_loss         dis_loss         hard_loss       
0                0.8368648291     0.0135216815     0.8112579584     0.0402839184    
  Source acc: 1.000000  |  Target acc: 0.996296
  Best target acc: 0.996296

======== ROUND 12 ========  [Ablation: M1]
==== Stage 1: SupCon Pre-training ====
epoch            total_loss       cls_loss        
0                0.0043052738     0.0043052738    
1                0.0061247949     0.0061247949    
==== Stage 2: Latent Domain PCL ====
epoch            total_loss       dis_loss         proto_loss       ent_pen_loss    
0                0.2423388213     0.0315481499     0.4100818038     0.0057497816    
Counter({1: 2131, 0: 1901, 2: 1368})
==== Stage 3: Domain-invariant + HardNCE ====
epoch            total_loss       cls_loss         dis_loss         hard_loss       
0                0.4538717270     0.0046375357     0.4416385591     0.0253187418    
  Source acc: 1.000000  |  Target acc: 0.996296
  Best target acc: 0.996296

======== ROUND 13 ========  [Ablation: M1]
==== Stage 1: SupCon Pre-training ====
epoch            total_loss       cls_loss        
0                0.0241051298     0.0241051298    
1                0.0027524119     0.0027524119    
==== Stage 2: Latent Domain PCL ====
epoch            total_loss       dis_loss         proto_loss       ent_pen_loss    
0                0.1601826549     0.0300044715     0.2010930777     0.0296316408    
Counter({1: 2648, 0: 1831, 2: 921})
==== Stage 3: Domain-invariant + HardNCE ====
epoch            total_loss       cls_loss         dis_loss         hard_loss       
0                0.2186762094     0.0279920679     0.1701605022     0.0684121475    
  Source acc: 1.000000  |  Target acc: 0.996296
  Best target acc: 0.996296

======== ROUND 14 ========  [Ablation: M1]
==== Stage 1: SupCon Pre-training ====
epoch            total_loss       cls_loss        
0                0.0057271305     0.0057271305    
1                0.0008701019     0.0008701019    
==== Stage 2: Latent Domain PCL ====
epoch            total_loss       dis_loss         proto_loss       ent_pen_loss    
0                0.2183068693     0.0297543705     0.3262341917     0.0254354049    
Counter({0: 1873, 1: 1837, 2: 1690})
==== Stage 3: Domain-invariant + HardNCE ====
epoch            total_loss       cls_loss         dis_loss         hard_loss       
0                0.5180441737     0.0035137795     0.5072393417     0.0243035555    
  Source acc: 1.000000  |  Target acc: 0.997037
  Best target acc: 0.997037

======== ROUND 15 ========  [Ablation: M1]
==== Stage 1: SupCon Pre-training ====
epoch            total_loss       cls_loss        
0                0.0026203047     0.0026203047    
1                0.0004791844     0.0004791844    
==== Stage 2: Latent Domain PCL ====
epoch            total_loss       dis_loss         proto_loss       ent_pen_loss    
0                0.1283926964     0.0663367435     0.0881382674     0.0179868266    
Counter({1: 2551, 0: 1861, 2: 988})
==== Stage 3: Domain-invariant + HardNCE ====
epoch            total_loss       cls_loss         dis_loss         hard_loss       
0                0.1640652418     0.0209516659     0.1411692798     0.0064810119    
  Source acc: 1.000000  |  Target acc: 0.997037
  Best target acc: 0.997037

======== ROUND 16 ========  [Ablation: M1]
==== Stage 1: SupCon Pre-training ====
epoch            total_loss       cls_loss        
0                0.0022205096     0.0022205096    
1                0.0026768828     0.0026768828    
==== Stage 2: Latent Domain PCL ====
epoch            total_loss       dis_loss         proto_loss       ent_pen_loss    
0                0.0410593301     0.0284026805     0.0224613585     0.0014259706    
Counter({0: 2124, 1: 1841, 2: 1435})
==== Stage 3: Domain-invariant + HardNCE ====
epoch            total_loss       cls_loss         dis_loss         hard_loss       
0                0.3392702043     0.0071974113     0.3216918707     0.0346031189    
  Source acc: 1.000000  |  Target acc: 0.997778
  Best target acc: 0.997778

======== ROUND 17 ========  [Ablation: M1]
==== Stage 1: SupCon Pre-training ====
epoch            total_loss       cls_loss        
0                0.0071146828     0.0071146828    
1                0.0170594696     0.0170594696    
==== Stage 2: Latent Domain PCL ====
epoch            total_loss       dis_loss         proto_loss       ent_pen_loss    
0                0.0902168006     0.0213888902     0.0697715133     0.0339421555    
Counter({1: 2694, 0: 1797, 2: 909})
==== Stage 3: Domain-invariant + HardNCE ====
epoch            total_loss       cls_loss         dis_loss         hard_loss       
0                0.0905268639     0.0016758606     0.0826524347     0.0206619110    
  Source acc: 1.000000  |  Target acc: 0.997778
  Best target acc: 0.997778

======== ROUND 18 ========  [Ablation: M1]
==== Stage 1: SupCon Pre-training ====
epoch            total_loss       cls_loss        
0                0.0045976602     0.0045976602    
1                0.0024263228     0.0024263228    
==== Stage 2: Latent Domain PCL ====
epoch            total_loss       dis_loss         proto_loss       ent_pen_loss    
0                0.0135319317     0.0116110928     0.0009897372     0.0014259706    
Counter({1: 2696, 0: 1802, 2: 902})
==== Stage 3: Domain-invariant + HardNCE ====
epoch            total_loss       cls_loss         dis_loss         hard_loss       
0                0.0373444483     0.0042952052     0.0300271790     0.0100735426    
  Source acc: 1.000000  |  Target acc: 0.997778
  Best target acc: 0.997778

======== ROUND 19 ========  [Ablation: M1]
==== Stage 1: SupCon Pre-training ====
epoch            total_loss       cls_loss        
0                0.0053908476     0.0053908476    
1                0.0008299226     0.0008299226    
==== Stage 2: Latent Domain PCL ====
epoch            total_loss       dis_loss         proto_loss       ent_pen_loss    
0                0.0396160930     0.0075512715     0.0005963204     0.0317666605    
Counter({1: 2703, 0: 1638, 2: 1059})
==== Stage 3: Domain-invariant + HardNCE ====
epoch            total_loss       cls_loss         dis_loss         hard_loss       
0                0.0452803187     0.0037142262     0.0346378610     0.0230940990    
  Source acc: 1.000000  |  Target acc: 0.997037
  Best target acc: 0.997778

======== ROUND 20 ========  [Ablation: M1]
==== Stage 1: SupCon Pre-training ====
epoch            total_loss       cls_loss        
0                0.0008546459     0.0008546459    
1                0.0036774985     0.0036774985    
==== Stage 2: Latent Domain PCL ====
epoch            total_loss       dis_loss         proto_loss       ent_pen_loss    
0                0.0560010932     0.0028844280     0.0303207152     0.0379563086    
Counter({1: 2684, 2: 1724, 0: 992})
==== Stage 3: Domain-invariant + HardNCE ====
epoch            total_loss       cls_loss         dis_loss         hard_loss       
0                0.6760667562     0.0245725196     0.6494361162     0.0068604946    
  Source acc: 1.000000  |  Target acc: 0.997037
  Best target acc: 0.997778

======== ROUND 21 ========  [Ablation: M1]
==== Stage 1: SupCon Pre-training ====
epoch            total_loss       cls_loss        
0                0.0020092104     0.0020092104    
1                0.0022199075     0.0022199075    
==== Stage 2: Latent Domain PCL ====
epoch            total_loss       dis_loss         proto_loss       ent_pen_loss    
0                0.0411976203     0.0111244507     0.0008830556     0.0296316408    
Counter({1: 2605, 2: 1644, 0: 1151})
==== Stage 3: Domain-invariant + HardNCE ====
epoch            total_loss       cls_loss         dis_loss         hard_loss       
0                0.4600999057     0.0055198804     0.4522286355     0.0078380108    
  Source acc: 1.000000  |  Target acc: 0.997037
  Best target acc: 0.997778

======== ROUND 22 ========  [Ablation: M1]
==== Stage 1: SupCon Pre-training ====
epoch            total_loss       cls_loss        
0                0.0014652646     0.0014652646    
1                0.0007772527     0.0007772527    
==== Stage 2: Latent Domain PCL ====
epoch            total_loss       dis_loss         proto_loss       ent_pen_loss    
0                0.0500106514     0.0076484513     0.0584873818     0.0131185073    
Counter({1: 2142, 0: 1815, 2: 1443})
==== Stage 3: Domain-invariant + HardNCE ====
epoch            total_loss       cls_loss         dis_loss         hard_loss       
0                0.8689661622     0.0045516095     0.8604373932     0.0132573051    
  Source acc: 1.000000  |  Target acc: 0.997778
  Best target acc: 0.997778

======== ROUND 23 ========  [Ablation: M1]
==== Stage 1: SupCon Pre-training ====
epoch            total_loss       cls_loss        
0                0.0004048306     0.0004048306    
1                0.0003318697     0.0003318697    
==== Stage 2: Latent Domain PCL ====
epoch            total_loss       dis_loss         proto_loss       ent_pen_loss    
0                0.1042594984     0.0350241624     0.1269710958     0.0057497816    
Counter({1: 2534, 0: 1917, 2: 949})
==== Stage 3: Domain-invariant + HardNCE ====
epoch            total_loss       cls_loss         dis_loss         hard_loss       
0                0.0927578732     0.0070733395     0.0828803480     0.0093472805    
  Source acc: 1.000000  |  Target acc: 0.997037
  Best target acc: 0.997778

======== ROUND 24 ========  [Ablation: M1]
==== Stage 1: SupCon Pre-training ====
epoch            total_loss       cls_loss        
0                0.0006375248     0.0006375248    
1                0.0008254568     0.0008254568    
==== Stage 2: Latent Domain PCL ====
epoch            total_loss       dis_loss         proto_loss       ent_pen_loss    
0                0.2778145969     0.2215321660     0.0741008073     0.0192320347    
Counter({1: 1977, 0: 1948, 2: 1475})
==== Stage 3: Domain-invariant + HardNCE ====
epoch            total_loss       cls_loss         dis_loss         hard_loss       
0                0.8623822927     0.0033030976     0.8571836352     0.0063185692    
  Source acc: 1.000000  |  Target acc: 0.997037
  Best target acc: 0.997778

======== ROUND 25 ========  [Ablation: M1]
==== Stage 1: SupCon Pre-training ====
epoch            total_loss       cls_loss        
0                0.0063218107     0.0063218107    
1                0.0011801476     0.0011801476    
==== Stage 2: Latent Domain PCL ====
epoch            total_loss       dis_loss         proto_loss       ent_pen_loss    
0                0.3676157594     0.1761258841     0.3194464445     0.0317666605    
Counter({1: 2075, 2: 1800, 0: 1525})
==== Stage 3: Domain-invariant + HardNCE ====
epoch            total_loss       cls_loss         dis_loss         hard_loss       
0                1.3739949465     0.0068482398     1.3637552261     0.0113048162    
  Source acc: 1.000000  |  Target acc: 0.997037
  Best target acc: 0.997778

======== ROUND 26 ========  [Ablation: M1]
==== Stage 1: SupCon Pre-training ====
epoch            total_loss       cls_loss        
0                0.0008601325     0.0008601325    
1                0.0168247204     0.0168247204    
==== Stage 2: Latent Domain PCL ====
epoch            total_loss       dis_loss         proto_loss       ent_pen_loss    
0                0.0750264898     0.0142760137     0.0952639431     0.0131185073    
Counter({1: 2576, 0: 1416, 2: 1408})
==== Stage 3: Domain-invariant + HardNCE ====
epoch            total_loss       cls_loss         dis_loss         hard_loss       
0                0.3372169435     0.0216814801     0.3093639016     0.0205718689    
  Source acc: 1.000000  |  Target acc: 0.997037
  Best target acc: 0.997778

======== ROUND 27 ========  [Ablation: M1]
==== Stage 1: SupCon Pre-training ====
epoch            total_loss       cls_loss        
0                0.0172594599     0.0172594599    
1                0.0036248637     0.0036248637    
==== Stage 2: Latent Domain PCL ====
epoch            total_loss       dis_loss         proto_loss       ent_pen_loss    
0                0.0931904465     0.0150328316     0.1300782263     0.0131185073    
Counter({2: 2197, 1: 1950, 0: 1253})
==== Stage 3: Domain-invariant + HardNCE ====
epoch            total_loss       cls_loss         dis_loss         hard_loss       
0                0.3250511885     0.0078460490     0.3066926003     0.0350417309    
  Source acc: 1.000000  |  Target acc: 0.997037
  Best target acc: 0.997778

======== ROUND 28 ========  [Ablation: M1]
==== Stage 1: SupCon Pre-training ====
epoch            total_loss       cls_loss        
0                0.0094125615     0.0094125615    
1                0.0003989899     0.0003989899    
==== Stage 2: Latent Domain PCL ====
epoch            total_loss       dis_loss         proto_loss       ent_pen_loss    
0                0.1063434407     0.0057446673     0.1983456016     0.0014259706    
Counter({1: 1883, 0: 1800, 2: 1717})
==== Stage 3: Domain-invariant + HardNCE ====
epoch            total_loss       cls_loss         dis_loss         hard_loss       
0                1.0934520960     0.0086156661     1.0816707611     0.0105523672    
  Source acc: 1.000000  |  Target acc: 0.997778
  Best target acc: 0.997778

======== ROUND 29 ========  [Ablation: M1]
==== Stage 1: SupCon Pre-training ====
epoch            total_loss       cls_loss        
0                0.0010772134     0.0010772134    
1                0.0017204344     0.0017204344    
==== Stage 2: Latent Domain PCL ====
epoch            total_loss       dis_loss         proto_loss       ent_pen_loss    
0                0.0511642843     0.0054388191     0.0832133442     0.0041187946    
Counter({1: 2311, 0: 1661, 2: 1428})
==== Stage 3: Domain-invariant + HardNCE ====
epoch            total_loss       cls_loss         dis_loss         hard_loss       
0                1.0690497160     0.0046374057     1.0545259714     0.0329547748    
  Source acc: 1.000000  |  Target acc: 0.998519
  Best target acc: 0.998519

======== ROUND 30 ========  [Ablation: M1]
==== Stage 1: SupCon Pre-training ====
epoch            total_loss       cls_loss        
0                0.0013342261     0.0013342261    
1                0.0006908767     0.0006908767    
==== Stage 2: Latent Domain PCL ====
epoch            total_loss       dis_loss         proto_loss       ent_pen_loss    
0                0.0487419032     0.0138179967     0.0583482496     0.0057497816    
Counter({2: 2000, 0: 1743, 1: 1657})
==== Stage 3: Domain-invariant + HardNCE ====
epoch            total_loss       cls_loss         dis_loss         hard_loss       
0                1.5037559271     0.0613500066     1.4314888716     0.0363901481    
  Source acc: 1.000000  |  Target acc: 0.997778
  Best target acc: 0.998519

======== ROUND 31 ========  [Ablation: M1]
==== Stage 1: SupCon Pre-training ====
epoch            total_loss       cls_loss        
0                0.0019710138     0.0019710138    
1                0.0004063972     0.0004063972    
==== Stage 2: Latent Domain PCL ====
epoch            total_loss       dis_loss         proto_loss       ent_pen_loss    
0                0.3836140335     0.0779879466     0.5705087185     0.0203717351    
Counter({1: 1830, 2: 1819, 0: 1751})
==== Stage 3: Domain-invariant + HardNCE ====
epoch            total_loss       cls_loss         dis_loss         hard_loss       
0                1.3417818546     0.0583433099     1.2819662094     0.0049076877    
  Source acc: 1.000000  |  Target acc: 0.997037
  Best target acc: 0.998519

======== ROUND 32 ========  [Ablation: M1]
==== Stage 1: SupCon Pre-training ====
epoch            total_loss       cls_loss        
0                0.0005956129     0.0005956129    
1                0.0235861484     0.0235861484    
==== Stage 2: Latent Domain PCL ====
epoch            total_loss       dis_loss         proto_loss       ent_pen_loss    
0                0.1045194268     0.0052442993     0.1956983060     0.0014259706    
Counter({2: 2014, 0: 1960, 1: 1426})
==== Stage 3: Domain-invariant + HardNCE ====
epoch            total_loss       cls_loss         dis_loss         hard_loss       
0                1.1091153622     0.0046633803     1.1000282764     0.0147457523    
  Source acc: 1.000000  |  Target acc: 0.997037
  Best target acc: 0.998519

======== ROUND 33 ========  [Ablation: M1]
==== Stage 1: SupCon Pre-training ====
epoch            total_loss       cls_loss        
0                0.0001487143     0.0001487143    
1                0.0006071334     0.0006071334    
==== Stage 2: Latent Domain PCL ====
epoch            total_loss       dis_loss         proto_loss       ent_pen_loss    
0                0.0803942829     0.0302212071     0.0741091445     0.0131185073    
Counter({0: 2154, 2: 1869, 1: 1377})
==== Stage 3: Domain-invariant + HardNCE ====
epoch            total_loss       cls_loss         dis_loss         hard_loss       
0                1.0423859358     0.0358534977     1.0038619041     0.0089015570    
  Source acc: 1.000000  |  Target acc: 0.997037
  Best target acc: 0.998519

======== ROUND 34 ========  [Ablation: M1]
==== Stage 1: SupCon Pre-training ====
epoch            total_loss       cls_loss        
0                0.0004362210     0.0004362210    
1                0.0003121605     0.0003121605    
==== Stage 2: Latent Domain PCL ====
epoch            total_loss       dis_loss         proto_loss       ent_pen_loss    
0                0.0822370350     0.0079362476     0.1457496285     0.0014259706    
Counter({0: 2457, 2: 1675, 1: 1268})
==== Stage 3: Domain-invariant + HardNCE ====
epoch            total_loss       cls_loss         dis_loss         hard_loss       
0                0.6511002779     0.0730604231     0.5726897120     0.0178337898    
  Source acc: 1.000000  |  Target acc: 0.997037
  Best target acc: 0.998519

======== ROUND 35 ========  [Ablation: M1]
==== Stage 1: SupCon Pre-training ====
epoch            total_loss       cls_loss        
0                0.0017744297     0.0017744297    
1                0.0004123178     0.0004123178    
==== Stage 2: Latent Domain PCL ====
epoch            total_loss       dis_loss         proto_loss       ent_pen_loss    
0                0.0532634668     0.0060727149     0.0915295631     0.0014259706    
Counter({0: 2645, 2: 1525, 1: 1230})
==== Stage 3: Domain-invariant + HardNCE ====
epoch            total_loss       cls_loss         dis_loss         hard_loss       
0                0.9422104955     0.0020650981     0.9342086315     0.0197890997    
  Source acc: 1.000000  |  Target acc: 0.997778
  Best target acc: 0.998519

======== ROUND 36 ========  [Ablation: M1]
==== Stage 1: SupCon Pre-training ====
epoch            total_loss       cls_loss        
0                0.0009195100     0.0009195100    
1                0.0114145204     0.0114145204    
==== Stage 2: Latent Domain PCL ====
epoch            total_loss       dis_loss         proto_loss       ent_pen_loss    
0                0.1069881916     0.0042151604     0.1342154890     0.0356652848    
Counter({0: 2764, 2: 1409, 1: 1227})
==== Stage 3: Domain-invariant + HardNCE ====
epoch            total_loss       cls_loss         dis_loss         hard_loss       
0                0.5278216600     0.0019872591     0.5152685046     0.0352195911    
  Source acc: 1.000000  |  Target acc: 0.997778
  Best target acc: 0.998519

======== ROUND 37 ========  [Ablation: M1]
==== Stage 1: SupCon Pre-training ====
epoch            total_loss       cls_loss        
0                0.0005966317     0.0005966317    
1                0.0004752690     0.0004752690    
==== Stage 2: Latent Domain PCL ====
epoch            total_loss       dis_loss         proto_loss       ent_pen_loss    
0                0.5539270639     0.0412418395     0.7940039635     0.1156832874    
Counter({0: 2579, 2: 1677, 1: 1144})
==== Stage 3: Domain-invariant + HardNCE ====
epoch            total_loss       cls_loss         dis_loss         hard_loss       
0                1.0085774660     0.0079496531     0.9964343309     0.0139780045    
  Source acc: 1.000000  |  Target acc: 0.997037
  Best target acc: 0.998519

======== ROUND 38 ========  [Ablation: M1]
==== Stage 1: SupCon Pre-training ====
epoch            total_loss       cls_loss        
0                0.0052594370     0.0052594370    
1                0.0010225889     0.0010225889    
==== Stage 2: Latent Domain PCL ====
epoch            total_loss       dis_loss         proto_loss       ent_pen_loss    
0                0.0875395685     0.0051436415     0.1433678865     0.0107119847    
Counter({0: 2634, 2: 1498, 1: 1268})
==== Stage 3: Domain-invariant + HardNCE ====
epoch            total_loss       cls_loss         dis_loss         hard_loss       
0                0.7132290602     0.0047461749     0.7040526271     0.0147674484    
  Source acc: 1.000000  |  Target acc: 0.997778
  Best target acc: 0.998519

======== ROUND 39 ========  [Ablation: M1]
==== Stage 1: SupCon Pre-training ====
epoch            total_loss       cls_loss        
0                0.0015820144     0.0015820144    
1                0.0004476482     0.0004476482    
==== Stage 2: Latent Domain PCL ====
epoch            total_loss       dis_loss         proto_loss       ent_pen_loss    
0                0.1278180778     0.0379396901     0.1390133202     0.0203717351    
Counter({0: 2546, 1: 1544, 2: 1310})
==== Stage 3: Domain-invariant + HardNCE ====
epoch            total_loss       cls_loss         dis_loss         hard_loss       
0                2.0350534916     0.0028179251     2.0287017822     0.0117791891    
  Source acc: 1.000000  |  Target acc: 0.998519
  Best target acc: 0.998519

======== ROUND 40 ========  [Ablation: M1]
==== Stage 1: SupCon Pre-training ====
epoch            total_loss       cls_loss        
0                0.0028977310     0.0028977310    
1                0.0005499202     0.0005499202    
==== Stage 2: Latent Domain PCL ====
epoch            total_loss       dis_loss         proto_loss       ent_pen_loss    
0                0.1403476447     0.0020570855     0.2503440976     0.0131185073    
Counter({0: 2773, 2: 1365, 1: 1262})
==== Stage 3: Domain-invariant + HardNCE ====
epoch            total_loss       cls_loss         dis_loss         hard_loss       
0                0.7016579509     0.0343330465     0.6645315886     0.0093111200    
  Source acc: 1.000000  |  Target acc: 0.997037
  Best target acc: 0.998519

======== ROUND 41 ========  [Ablation: M1]
==== Stage 1: SupCon Pre-training ====
epoch            total_loss       cls_loss        
0                0.0008993731     0.0008993731    
1                0.0004502161     0.0004502161    
==== Stage 2: Latent Domain PCL ====
epoch            total_loss       dis_loss         proto_loss       ent_pen_loss    
0                0.1008875221     0.0017460543     0.1223703250     0.0379563086    
Counter({0: 2735, 1: 1446, 2: 1219})
==== Stage 3: Domain-invariant + HardNCE ====
epoch            total_loss       cls_loss         dis_loss         hard_loss       
0                0.6178636551     0.0026729070     0.6094194651     0.0192375984    
  Source acc: 1.000000  |  Target acc: 0.997037
  Best target acc: 0.998519

======== ROUND 42 ========  [Ablation: M1]
==== Stage 1: SupCon Pre-training ====
epoch            total_loss       cls_loss        
0                0.0001956428     0.0001956428    
1                0.0002238661     0.0002238661    
==== Stage 2: Latent Domain PCL ====
epoch            total_loss       dis_loss         proto_loss       ent_pen_loss    
0                0.0794776008     0.0030834945     0.1051601097     0.0238140523    
Counter({0: 2709, 2: 1466, 1: 1225})
==== Stage 3: Domain-invariant + HardNCE ====
epoch            total_loss       cls_loss         dis_loss         hard_loss       
0                1.0980914831     0.0494104214     1.0425529480     0.0204267111    
  Source acc: 1.000000  |  Target acc: 0.997037
  Best target acc: 0.998519

======== ROUND 43 ========  [Ablation: M1]
==== Stage 1: SupCon Pre-training ====
epoch            total_loss       cls_loss        
0                0.0010636667     0.0010636667    
1                0.0007578654     0.0007578654    
==== Stage 2: Latent Domain PCL ====
epoch            total_loss       dis_loss         proto_loss       ent_pen_loss    
0                0.1473693401     0.0056302934     0.2075654715     0.0379563086    
Counter({0: 2664, 2: 1393, 1: 1343})
==== Stage 3: Domain-invariant + HardNCE ====
epoch            total_loss       cls_loss         dis_loss         hard_loss       
0                1.6665729284     0.0083785653     1.6562862396     0.0063607297    
  Source acc: 1.000000  |  Target acc: 0.997037
  Best target acc: 0.998519

======== ROUND 44 ========  [Ablation: M1]
==== Stage 1: SupCon Pre-training ====
epoch            total_loss       cls_loss        
0                0.0008182119     0.0008182119    
1                0.0015440667     0.0015440667    
==== Stage 2: Latent Domain PCL ====
epoch            total_loss       dis_loss         proto_loss       ent_pen_loss    
0                0.1104168743     0.0089628138     0.1269954890     0.0379563086    
Counter({0: 2628, 2: 1387, 1: 1385})
==== Stage 3: Domain-invariant + HardNCE ====
epoch            total_loss       cls_loss         dis_loss         hard_loss       
0                0.8244265318     0.0018638559     0.8180935383     0.0148972673    
  Source acc: 1.000000  |  Target acc: 0.998519
  Best target acc: 0.998519

======== ROUND 45 ========  [Ablation: M1]
==== Stage 1: SupCon Pre-training ====
epoch            total_loss       cls_loss        
0                0.0008727203     0.0008727203    
1                0.0002914882     0.0002914882    
==== Stage 2: Latent Domain PCL ====
epoch            total_loss       dis_loss         proto_loss       ent_pen_loss    
0                0.0599144921     0.0051527084     0.0336109549     0.0379563086    
Counter({0: 2839, 2: 1288, 1: 1273})
==== Stage 3: Domain-invariant + HardNCE ====
epoch            total_loss       cls_loss         dis_loss         hard_loss       
0                0.3329742849     0.0038781364     0.3260248005     0.0102377739    
  Source acc: 1.000000  |  Target acc: 0.997037
  Best target acc: 0.998519

======== ROUND 46 ========  [Ablation: M1]
==== Stage 1: SupCon Pre-training ====
epoch            total_loss       cls_loss        
0                0.0006636156     0.0006636156    
1                0.0024083809     0.0024083809    
==== Stage 2: Latent Domain PCL ====
epoch            total_loss       dis_loss         proto_loss       ent_pen_loss    
0                0.0881963968     0.0076629459     0.1101960987     0.0254354049    
Counter({0: 2796, 2: 1345, 1: 1259})
==== Stage 3: Domain-invariant + HardNCE ====
epoch            total_loss       cls_loss         dis_loss         hard_loss       
0                0.8339028358     0.0057162791     0.8170707226     0.0370528698    
  Source acc: 1.000000  |  Target acc: 0.997037
  Best target acc: 0.998519

======== ROUND 47 ========  [Ablation: M1]
==== Stage 1: SupCon Pre-training ====
epoch            total_loss       cls_loss        
0                0.0002009676     0.0002009676    
1                0.0350329019     0.0350329019    
==== Stage 2: Latent Domain PCL ====
epoch            total_loss       dis_loss         proto_loss       ent_pen_loss    
0                0.1044993103     0.0294450875     0.0521092713     0.0489995815    
Counter({0: 2658, 2: 1398, 1: 1344})
==== Stage 3: Domain-invariant + HardNCE ====
epoch            total_loss       cls_loss         dis_loss         hard_loss       
0                0.7080532312     0.0022685791     0.7032563090     0.0084279384    
  Source acc: 1.000000  |  Target acc: 0.997778
  Best target acc: 0.998519

======== ROUND 48 ========  [Ablation: M1]
==== Stage 1: SupCon Pre-training ====
epoch            total_loss       cls_loss        
0                0.0019414863     0.0019414863    
1                0.0012841839     0.0012841839    
==== Stage 2: Latent Domain PCL ====
epoch            total_loss       dis_loss         proto_loss       ent_pen_loss    
0                0.0933977738     0.0025501486     0.1457215995     0.0179868266    
Counter({0: 2768, 2: 1318, 1: 1314})
==== Stage 3: Domain-invariant + HardNCE ====
epoch            total_loss       cls_loss         dis_loss         hard_loss       
0                0.1911694407     0.0044083358     0.1840621233     0.0089966059    
  Source acc: 1.000000  |  Target acc: 0.997778
  Best target acc: 0.998519

======== ROUND 49 ========  [Ablation: M1]
==== Stage 1: SupCon Pre-training ====
epoch            total_loss       cls_loss        
0                0.0008196259     0.0008196259    
1                0.0005135175     0.0005135175    
==== Stage 2: Latent Domain PCL ====
epoch            total_loss       dis_loss         proto_loss       ent_pen_loss    
0                0.0815008134     0.0130057409     0.0656595826     0.0356652848    
Counter({0: 2862, 2: 1274, 1: 1264})
==== Stage 3: Domain-invariant + HardNCE ====
epoch            total_loss       cls_loss         dis_loss         hard_loss       
0                0.6871212721     0.0060758088     0.6653643847     0.0522703752    
  Source acc: 1.000000  |  Target acc: 0.997778
  Best target acc: 0.998519

Results saved to log/ablation_cross_loc_M1
acc.txt: log/ablation_cross_loc_M1/acc.txt
bestacc.txt: log/ablation_cross_loc_M1/bestacc.txt
