[WidarDataset] loaded 5400 samples, gesture_map={'G01': 0, 'G02': 1, 'G03': 2, 'G04': 3, 'G05': 4, 'G06': 5}
[WidarDataset] loaded 1350 samples, gesture_map={'G01': 0, 'G02': 1, 'G03': 2, 'G04': 3, 'G05': 4, 'G06': 5}
Train set size: 5400 samples, 169 batches
Test set size:  1350 samples, 43 batches

======== ROUND 0 ========
==== Stage 1: SupCon Pre-training ====
epoch            total_loss       cls_loss         supcon_loss     
0                0.7016604543     0.4082777798     0.5867653489    
1                0.5815814137     0.3636306822     0.4359014928    
==== Stage 2: Latent Domain PCL ====
epoch            total_loss       dis_loss         proto_loss       ent_pen_loss    
0                2.6604719162     2.3604719639     0.0000000000     0.3000000119    
Counter({2: 2486, 0: 2076, 1: 838})
==== Stage 3: Domain-invariant + HardNCE ====
epoch            total_loss       cls_loss         dis_loss         hard_loss       
0                0.9392210841     0.4188533723     0.4943322539     0.0867849588    
0.7992592592592592
0.7992592592592592

======== ROUND 1 ========
==== Stage 1: SupCon Pre-training ====
epoch            total_loss       cls_loss         supcon_loss     
0                0.2373942435     0.0504361689     0.3739161491    
1                0.1875775754     0.0320929922     0.3109691739    
==== Stage 2: Latent Domain PCL ====
epoch            total_loss       dis_loss         proto_loss       ent_pen_loss    
0                1.3537856340     1.0753167868     0.4934043586     0.0317666605    
Counter({1: 2152, 0: 2109, 2: 1139})
==== Stage 3: Domain-invariant + HardNCE ====
epoch            total_loss       cls_loss         dis_loss         hard_loss       
0                0.3703204095     0.1105912924     0.2433335483     0.0546518564    
0.8037037037037037
0.8037037037037037

======== ROUND 2 ========
==== Stage 1: SupCon Pre-training ====
epoch            total_loss       cls_loss         supcon_loss     
0                0.2305581719     0.1188030243     0.2235102952    
1                0.6138573885     0.3977954090     0.4321240187    
==== Stage 2: Latent Domain PCL ====
epoch            total_loss       dis_loss         proto_loss       ent_pen_loss    
0                1.5035752058     1.2739541531     0.4270789027     0.0160816163    
Counter({0: 2093, 2: 1938, 1: 1369})
==== Stage 3: Domain-invariant + HardNCE ====
epoch            total_loss       cls_loss         dis_loss         hard_loss       
0                0.8611982465     0.1935967952     0.6454306841     0.0739025325    
0.9096296296296297
0.9096296296296297

======== ROUND 3 ========
==== Stage 1: SupCon Pre-training ====
epoch            total_loss       cls_loss        
0                0.0380221345     0.0380221345    
1                0.0018510356     0.0018510356    
==== Stage 2: Latent Domain PCL ====
epoch            total_loss       dis_loss         proto_loss       ent_pen_loss    
0                1.6299725771     1.0951620340     0.9376853704     0.0659678802    
Counter({1: 2147, 2: 2047, 0: 1206})
==== Stage 3: Domain-invariant + HardNCE ====
epoch            total_loss       cls_loss         dis_loss         hard_loss       
0                0.4173519909     0.0603424571     0.3487861156     0.0274113826    
0.9214814814814815
0.9214814814814815

======== ROUND 4 ========
==== Stage 1: SupCon Pre-training ====
epoch            total_loss       cls_loss        
0                0.0516287275     0.0516287275    
1                0.1440966874     0.1440966874    
==== Stage 2: Latent Domain PCL ====
epoch            total_loss       dis_loss         proto_loss       ent_pen_loss    
0                1.4969730377     1.1791304350     0.5949417949     0.0203717351    
Counter({1: 2190, 0: 1836, 2: 1374})
==== Stage 3: Domain-invariant + HardNCE ====
epoch            total_loss       cls_loss         dis_loss         hard_loss       
0                0.6085707545     0.1710838675     0.4267643690     0.0357416868    
0.9281481481481482
0.9281481481481482

======== ROUND 5 ========
==== Stage 1: SupCon Pre-training ====
epoch            total_loss       cls_loss        
0                0.0746609047     0.0746609047    
1                0.0217603892     0.0217603892    
==== Stage 2: Latent Domain PCL ====
epoch            total_loss       dis_loss         proto_loss       ent_pen_loss    
0                1.5792249441     1.3681575060     0.3628717363     0.0296316408    
Counter({0: 2148, 1: 1661, 2: 1591})
==== Stage 3: Domain-invariant + HardNCE ====
epoch            total_loss       cls_loss         dis_loss         hard_loss       
0                0.9459663033     0.0656435266     0.8686415553     0.0389372520    
0.9266666666666666
0.9281481481481482

======== ROUND 6 ========
==== Stage 1: SupCon Pre-training ====
epoch            total_loss       cls_loss        
0                0.0048851985     0.0048851985    
1                0.0137671428     0.0137671428    
==== Stage 2: Latent Domain PCL ====
epoch            total_loss       dis_loss         proto_loss       ent_pen_loss    
0                1.2185355425     1.0238388777     0.3865413070     0.0014259706    
Counter({0: 2197, 1: 1636, 2: 1567})
==== Stage 3: Domain-invariant + HardNCE ====
epoch            total_loss       cls_loss         dis_loss         hard_loss       
0                0.6396999359     0.0128108412     0.6152789593     0.0387004241    
0.8948148148148148
0.9281481481481482

======== ROUND 7 ========
==== Stage 1: SupCon Pre-training ====
epoch            total_loss       cls_loss        
0                0.0026979866     0.0026979866    
1                0.0017442104     0.0017442104    
==== Stage 2: Latent Domain PCL ====
epoch            total_loss       dis_loss         proto_loss       ent_pen_loss    
0                1.3244146109     1.1703122854     0.3053526878     0.0014259706    
Counter({2: 2492, 0: 1479, 1: 1429})
==== Stage 3: Domain-invariant + HardNCE ====
epoch            total_loss       cls_loss         dis_loss         hard_loss       
0                0.6692984700     0.0525238812     0.6123782396     0.0146545172    
0.9614814814814815
0.9614814814814815

======== ROUND 8 ========
==== Stage 1: SupCon Pre-training ====
epoch            total_loss       cls_loss        
0                0.0113636823     0.0113636823    
1                0.1579489708     0.1579489708    
==== Stage 2: Latent Domain PCL ====
epoch            total_loss       dis_loss         proto_loss       ent_pen_loss    
0                1.8782000542     1.6590732336     0.4168295860     0.0107119847    
Counter({2: 2616, 1: 1869, 0: 915})
==== Stage 3: Domain-invariant + HardNCE ====
epoch            total_loss       cls_loss         dis_loss         hard_loss       
0                0.9801424146     0.1918959767     0.7715784907     0.0555599555    
0.9474074074074074
0.9614814814814815

======== ROUND 9 ========
==== Stage 1: SupCon Pre-training ====
epoch            total_loss       cls_loss        
0                0.0771085024     0.0771085024    
1                0.0057537495     0.0057537495    
==== Stage 2: Latent Domain PCL ====
epoch            total_loss       dis_loss         proto_loss       ent_pen_loss    
0                1.1413584948     0.9220302105     0.4124195278     0.0131185073    
Counter({0: 2507, 1: 1460, 2: 1433})
==== Stage 3: Domain-invariant + HardNCE ====
epoch            total_loss       cls_loss         dis_loss         hard_loss       
0                0.6074553132     0.0098620625     0.5893282294     0.0275499821    
0.9259259259259259
0.9614814814814815

======== ROUND 10 ========
==== Stage 1: SupCon Pre-training ====
epoch            total_loss       cls_loss        
0                0.0347934067     0.0347934067    
1                0.0076485295     0.0076485295    
==== Stage 2: Latent Domain PCL ====
epoch            total_loss       dis_loss         proto_loss       ent_pen_loss    
0                0.7230048776     0.3463424742     0.6213891506     0.0659678802    
Counter({1: 2044, 2: 1941, 0: 1415})
==== Stage 3: Domain-invariant + HardNCE ====
epoch            total_loss       cls_loss         dis_loss         hard_loss       
0                1.9064025879     0.0248050746     1.8551633358     0.0881139040    
0.96
0.9614814814814815

======== ROUND 11 ========
==== Stage 1: SupCon Pre-training ====
epoch            total_loss       cls_loss        
0                0.0242676940     0.0242676940    
1                0.0160508174     0.0160508174    
==== Stage 2: Latent Domain PCL ====
epoch            total_loss       dis_loss         proto_loss       ent_pen_loss    
0                0.2496911585     0.1742390245     0.1509042680     0.0000000000    
Counter({2: 1994, 0: 1775, 1: 1631})
==== Stage 3: Domain-invariant + HardNCE ====
epoch            total_loss       cls_loss         dis_loss         hard_loss       
0                1.5396810770     0.0098539731     1.5096659660     0.0672038049    
0.9488888888888889
0.9614814814814815

======== ROUND 12 ========
==== Stage 1: SupCon Pre-training ====
epoch            total_loss       cls_loss        
0                0.0082643740     0.0082643740    
1                0.0012352000     0.0012352000    
==== Stage 2: Latent Domain PCL ====
epoch            total_loss       dis_loss         proto_loss       ent_pen_loss    
0                0.1172421202     0.0660552159     0.0908742398     0.0057497816    
Counter({1: 2081, 2: 1792, 0: 1527})
==== Stage 3: Domain-invariant + HardNCE ====
epoch            total_loss       cls_loss         dis_loss         hard_loss       
0                0.4790855050     0.0446037240     0.4207499623     0.0457727127    
0.9525925925925925
0.9614814814814815

======== ROUND 13 ========
==== Stage 1: SupCon Pre-training ====
epoch            total_loss       cls_loss        
0                0.0144839836     0.0144839836    
1                0.0012431133     0.0012431133    
==== Stage 2: Latent Domain PCL ====
epoch            total_loss       dis_loss         proto_loss       ent_pen_loss    
0                0.2222157717     0.1734986454     0.0381709486     0.0296316408    
Counter({2: 2587, 0: 1809, 1: 1004})
==== Stage 3: Domain-invariant + HardNCE ====
epoch            total_loss       cls_loss         dis_loss         hard_loss       
0                0.2817434371     0.0237819906     0.2510067821     0.0231821947    
0.9540740740740741
0.9614814814814815

======== ROUND 14 ========
==== Stage 1: SupCon Pre-training ====
epoch            total_loss       cls_loss        
0                0.0014219886     0.0014219886    
1                0.0063511222     0.0063511222    
==== Stage 2: Latent Domain PCL ====
epoch            total_loss       dis_loss         proto_loss       ent_pen_loss    
0                2.2363650799     2.1320714951     0.1185324118     0.0450274199    
Counter({1: 2399, 2: 2090, 0: 911})
==== Stage 3: Domain-invariant + HardNCE ====
epoch            total_loss       cls_loss         dis_loss         hard_loss       
0                0.2951354682     0.0110815549     0.2807377279     0.0110539999    
0.9555555555555556
0.9614814814814815

======== ROUND 15 ========
==== Stage 1: SupCon Pre-training ====
epoch            total_loss       cls_loss        
0                0.0023880990     0.0023880990    
1                0.0007577774     0.0007577774    
==== Stage 2: Latent Domain PCL ====
epoch            total_loss       dis_loss         proto_loss       ent_pen_loss    
0                2.2966570854     2.2502276897     0.0521156602     0.0203717351    
Counter({1: 1900, 0: 1803, 2: 1697})
==== Stage 3: Domain-invariant + HardNCE ====
epoch            total_loss       cls_loss         dis_loss         hard_loss       
0                0.3156230152     0.0049817101     0.3058958352     0.0158183184    
0.9474074074074074
0.9614814814814815

======== ROUND 16 ========
==== Stage 1: SupCon Pre-training ====
epoch            total_loss       cls_loss        
0                0.0008333332     0.0008333332    
1                0.0002738168     0.0002738168    
==== Stage 2: Latent Domain PCL ====
epoch            total_loss       dis_loss         proto_loss       ent_pen_loss    
0                3.5328259468     3.3939018250     0.2302205265     0.0238140523    
Counter({1: 2429, 0: 1816, 2: 1155})
==== Stage 3: Domain-invariant + HardNCE ====
epoch            total_loss       cls_loss         dis_loss         hard_loss       
0                1.6871013641     0.0203856155     1.6595233679     0.0239744596    
0.9562962962962963
0.9614814814814815

======== ROUND 17 ========
==== Stage 1: SupCon Pre-training ====
epoch            total_loss       cls_loss        
0                0.0366076492     0.0366076492    
1                0.0041897208     0.0041897208    
==== Stage 2: Latent Domain PCL ====
epoch            total_loss       dis_loss         proto_loss       ent_pen_loss    
0                4.7512402534     4.6171875000     0.1529139578     0.0575957559    
Counter({1: 1804, 0: 1800, 2: 1796})
==== Stage 3: Domain-invariant + HardNCE ====
epoch            total_loss       cls_loss         dis_loss         hard_loss       
0                0.6696408987     0.0165692996     0.6498313546     0.0108008385    
0.9614814814814815
0.9614814814814815

======== ROUND 18 ========
==== Stage 1: SupCon Pre-training ====
epoch            total_loss       cls_loss        
0                0.0008810455     0.0008810455    
1                0.0012177118     0.0012177118    
==== Stage 2: Latent Domain PCL ====
epoch            total_loss       dis_loss         proto_loss       ent_pen_loss    
0                4.6226515770     4.6065158844     0.0294199698     0.0014259706    
Counter({1: 1818, 2: 1801, 0: 1781})
==== Stage 3: Domain-invariant + HardNCE ====
epoch            total_loss       cls_loss         dis_loss         hard_loss       
0                1.4097943306     0.0054696971     1.3967975378     0.0250902977    
0.9637037037037037
0.9637037037037037

======== ROUND 19 ========
==== Stage 1: SupCon Pre-training ====
epoch            total_loss       cls_loss        
0                0.0113388188     0.0113388188    
1                0.0007285951     0.0007285951    
==== Stage 2: Latent Domain PCL ====
epoch            total_loss       dis_loss         proto_loss       ent_pen_loss    
0                4.9106721878     4.8937029839     0.0147734275     0.0095823081    
Counter({2: 2689, 0: 1805, 1: 906})
==== Stage 3: Domain-invariant + HardNCE ====
epoch            total_loss       cls_loss         dis_loss         hard_loss       
0                0.3003210127     0.0034741529     0.2871614695     0.0322846994    
0.9666666666666667
0.9666666666666667

======== ROUND 20 ========
==== Stage 1: SupCon Pre-training ====
epoch            total_loss       cls_loss        
0                0.0182304736     0.0182304736    
1                0.0004121674     0.0004121674    
==== Stage 2: Latent Domain PCL ====
epoch            total_loss       dis_loss         proto_loss       ent_pen_loss    
0                3.9212639332     3.8303611279     0.0318053998     0.0750000030    
Counter({0: 2590, 2: 1892, 1: 918})
==== Stage 3: Domain-invariant + HardNCE ====
epoch            total_loss       cls_loss         dis_loss         hard_loss       
0                0.6021720767     0.0041212491     0.5927265882     0.0177474432    
0.96
0.9666666666666667

======== ROUND 21 ========
==== Stage 1: SupCon Pre-training ====
epoch            total_loss       cls_loss        
0                0.0078699719     0.0078699719    
1                0.0010987126     0.0010987126    
==== Stage 2: Latent Domain PCL ====
epoch            total_loss       dis_loss         proto_loss       ent_pen_loss    
0                3.7351300716     3.7178227901     0.0083775874     0.0131185073    
Counter({2: 2699, 0: 1798, 1: 903})
==== Stage 3: Domain-invariant + HardNCE ====
epoch            total_loss       cls_loss         dis_loss         hard_loss       
0                0.2330693603     0.0024956285     0.2265441269     0.0134320259    
0.9688888888888889
0.9688888888888889

======== ROUND 22 ========
==== Stage 1: SupCon Pre-training ====
epoch            total_loss       cls_loss        
0                0.0041666948     0.0041666948    
1                0.0006058368     0.0006058368    
==== Stage 2: Latent Domain PCL ====
epoch            total_loss       dis_loss         proto_loss       ent_pen_loss    
0                4.9877548218     4.9406170845     0.0042209551     0.0450274199    
Counter({0: 1804, 1: 1801, 2: 1795})
==== Stage 3: Domain-invariant + HardNCE ====
epoch            total_loss       cls_loss         dis_loss         hard_loss       
0                2.9605917931     0.0129535245     2.9364337921     0.0373479947    
0.9696296296296296
0.9696296296296296

======== ROUND 23 ========
==== Stage 1: SupCon Pre-training ====
epoch            total_loss       cls_loss        
0                0.0044142203     0.0044142203    
1                0.0003121693     0.0003121693    
==== Stage 2: Latent Domain PCL ====
epoch            total_loss       dis_loss         proto_loss       ent_pen_loss    
0                4.9748158455     4.9680123329     0.0021074116     0.0057497816    
Counter({1: 2643, 0: 1798, 2: 959})
==== Stage 3: Domain-invariant + HardNCE ====
epoch            total_loss       cls_loss         dis_loss         hard_loss       
0                3.3998904228     0.0041384692     3.3877329826     0.0267295055    
0.9696296296296296
0.9696296296296296

======== ROUND 24 ========
==== Stage 1: SupCon Pre-training ====
epoch            total_loss       cls_loss        
0                0.0010471067     0.0010471067    
1                0.0017129417     0.0017129417    
==== Stage 2: Latent Domain PCL ====
epoch            total_loss       dis_loss         proto_loss       ent_pen_loss    
0                4.8661346436     4.8396906853     0.0052593220     0.0238140523    
Counter({1: 2446, 0: 1799, 2: 1155})
==== Stage 3: Domain-invariant + HardNCE ====
epoch            total_loss       cls_loss         dis_loss         hard_loss       
0                2.9687631130     0.0110200504     2.9534659386     0.0142575111    
0.9711111111111111
0.9711111111111111

======== ROUND 25 ========
==== Stage 1: SupCon Pre-training ====
epoch            total_loss       cls_loss        
0                0.0003900987     0.0003900987    
1                0.0024836117     0.0024836117    
==== Stage 2: Latent Domain PCL ====
epoch            total_loss       dis_loss         proto_loss       ent_pen_loss    
0                4.9701409340     4.8922972679     0.1365224421     0.0095823081    
Counter({1: 2702, 0: 1798, 2: 900})
==== Stage 3: Domain-invariant + HardNCE ====
epoch            total_loss       cls_loss         dis_loss         hard_loss       
0                2.2445101738     0.0342186093     2.1986236572     0.0388931036    
0.9666666666666667
0.9711111111111111

======== ROUND 26 ========
==== Stage 1: SupCon Pre-training ====
epoch            total_loss       cls_loss        
0                0.0015441342     0.0015441342    
1                0.0004425221     0.0004425221    
==== Stage 2: Latent Domain PCL ====
epoch            total_loss       dis_loss         proto_loss       ent_pen_loss    
0                5.1646862030     5.1291537285     0.0031803602     0.0339421555    
Counter({1: 2701, 0: 1800, 2: 899})
==== Stage 3: Domain-invariant + HardNCE ====
epoch            total_loss       cls_loss         dis_loss         hard_loss       
0                3.1361036301     0.0117524303     3.1169791222     0.0245736446    
0.9711111111111111
0.9711111111111111

======== ROUND 27 ========
==== Stage 1: SupCon Pre-training ====
epoch            total_loss       cls_loss        
0                0.0096634459     0.0096634459    
1                0.0008360614     0.0008360614    
==== Stage 2: Latent Domain PCL ====
epoch            total_loss       dis_loss         proto_loss       ent_pen_loss    
0                5.4370017052     5.3984599113     0.0011712731     0.0379563086    
Counter({1: 1856, 2: 1777, 0: 1767})
==== Stage 3: Domain-invariant + HardNCE ====
epoch            total_loss       cls_loss         dis_loss         hard_loss       
0                1.9440269470     0.0086425170     1.9244616032     0.0364092998    
0.9725925925925926
0.9725925925925926

======== ROUND 28 ========
==== Stage 1: SupCon Pre-training ====
epoch            total_loss       cls_loss        
0                0.0007734402     0.0007734402    
1                0.0006247260     0.0006247260    
==== Stage 2: Latent Domain PCL ====
epoch            total_loss       dis_loss         proto_loss       ent_pen_loss    
0                5.2068948746     5.1942200661     0.0039255815     0.0107119847    
Counter({1: 2700, 2: 1796, 0: 904})
==== Stage 3: Domain-invariant + HardNCE ====
epoch            total_loss       cls_loss         dis_loss         hard_loss       
0                2.0172624588     0.0125922849     1.9995055199     0.0172151737    
0.9733333333333334
0.9733333333333334

======== ROUND 29 ========
==== Stage 1: SupCon Pre-training ====
epoch            total_loss       cls_loss        
0                0.0002986914     0.0002986914    
1                0.0003683250     0.0003683250    
==== Stage 2: Latent Domain PCL ====
epoch            total_loss       dis_loss         proto_loss       ent_pen_loss    
0                5.1231641769     5.0966334343     0.0021902020     0.0254354049    
Counter({1: 2703, 0: 1795, 2: 902})
==== Stage 3: Domain-invariant + HardNCE ====
epoch            total_loss       cls_loss         dis_loss         hard_loss       
0                1.0649076700     0.0089360606     1.0429781675     0.0433116779    
0.9718518518518519
0.9733333333333334

======== ROUND 30 ========
==== Stage 1: SupCon Pre-training ====
epoch            total_loss       cls_loss        
0                0.0050619296     0.0050619296    
1                0.0005020260     0.0005020260    
==== Stage 2: Latent Domain PCL ====
epoch            total_loss       dis_loss         proto_loss       ent_pen_loss    
0                5.1234254837     5.1121993065     0.0010284039     0.0107119847    
Counter({1: 2704, 0: 1796, 2: 900})
==== Stage 3: Domain-invariant + HardNCE ====
epoch            total_loss       cls_loss         dis_loss         hard_loss       
0                2.3838193417     0.0032667723     2.3778927326     0.0088662310    
0.9688888888888889
0.9733333333333334

======== ROUND 31 ========
==== Stage 1: SupCon Pre-training ====
epoch            total_loss       cls_loss        
0                0.0026563229     0.0026563229    
1                0.0010185785     0.0010185785    
==== Stage 2: Latent Domain PCL ====
epoch            total_loss       dis_loss         proto_loss       ent_pen_loss    
0                4.5753054619     4.5617985725     0.0007766617     0.0131185073    
Counter({1: 2702, 0: 1798, 2: 900})
==== Stage 3: Domain-invariant + HardNCE ====
epoch            total_loss       cls_loss         dis_loss         hard_loss       
0                2.2710897923     0.0028979750     2.2645268440     0.0122164888    
0.9681481481481482
0.9733333333333334

======== ROUND 32 ========
==== Stage 1: SupCon Pre-training ====
epoch            total_loss       cls_loss        
0                0.0012096041     0.0012096041    
1                0.0005021539     0.0005021539    
==== Stage 2: Latent Domain PCL ====
epoch            total_loss       dis_loss         proto_loss       ent_pen_loss    
0                5.2388477325     5.1987743378     0.0034785799     0.0383337587    
Counter({1: 2704, 0: 1796, 2: 900})
==== Stage 3: Domain-invariant + HardNCE ====
epoch            total_loss       cls_loss         dis_loss         hard_loss       
0                1.7489222288     0.0047658933     1.7390830517     0.0169109516    
0.9681481481481482
0.9733333333333334

======== ROUND 33 ========
==== Stage 1: SupCon Pre-training ====
epoch            total_loss       cls_loss        
0                0.0004593829     0.0004593829    
1                0.0127194682     0.0127194682    
==== Stage 2: Latent Domain PCL ====
epoch            total_loss       dis_loss         proto_loss       ent_pen_loss    
0                4.8047151566     4.7465634346     0.0403912365     0.0379563086    
Counter({1: 2702, 0: 1798, 2: 900})
==== Stage 3: Domain-invariant + HardNCE ====
epoch            total_loss       cls_loss         dis_loss         hard_loss       
0                1.7434351444     0.0071845278     1.7300808430     0.0205661468    
0.9733333333333334
0.9733333333333334

======== ROUND 34 ========
==== Stage 1: SupCon Pre-training ====
epoch            total_loss       cls_loss        
0                0.0003696741     0.0003696741    
1                0.0032607373     0.0032607373    
==== Stage 2: Latent Domain PCL ====
epoch            total_loss       dis_loss         proto_loss       ent_pen_loss    
0                5.0485405922     4.9346547127     0.0726839304     0.0775436014    
Counter({1: 2701, 0: 1797, 2: 902})
==== Stage 3: Domain-invariant + HardNCE ====
epoch            total_loss       cls_loss         dis_loss         hard_loss       
0                1.6347608566     0.0041441941     1.6284302473     0.0072882175    
0.9696296296296296
0.9733333333333334

======== ROUND 35 ========
==== Stage 1: SupCon Pre-training ====
epoch            total_loss       cls_loss        
0                0.0010228939     0.0010228939    
1                0.0018691454     0.0018691454    
==== Stage 2: Latent Domain PCL ====
epoch            total_loss       dis_loss         proto_loss       ent_pen_loss    
0                5.4002852440     5.3677310944     0.0015747225     0.0317666605    
Counter({1: 2704, 0: 1797, 2: 899})
==== Stage 3: Domain-invariant + HardNCE ====
epoch            total_loss       cls_loss         dis_loss         hard_loss       
0                1.4767029285     0.0035239493     1.4680360556     0.0171431303    
0.9718518518518519
0.9733333333333334

======== ROUND 36 ========
==== Stage 1: SupCon Pre-training ====
epoch            total_loss       cls_loss        
0                0.0001572483     0.0001572483    
1                0.0004002646     0.0004002646    
==== Stage 2: Latent Domain PCL ====
epoch            total_loss       dis_loss         proto_loss       ent_pen_loss    
0                4.7107830048     4.5559763908     0.0572414659     0.1261859536    
Counter({1: 2695, 0: 1798, 2: 907})
==== Stage 3: Domain-invariant + HardNCE ====
epoch            total_loss       cls_loss         dis_loss         hard_loss       
0                0.9002256989     0.0044447402     0.8919433355     0.0127922297    
0.9725925925925926
0.9733333333333334

======== ROUND 37 ========
==== Stage 1: SupCon Pre-training ====
epoch            total_loss       cls_loss        
0                0.0008313588     0.0008313588    
1                0.0002215149     0.0002215149    
==== Stage 2: Latent Domain PCL ====
epoch            total_loss       dis_loss         proto_loss       ent_pen_loss    
0                4.6512851715     4.5859603882     0.0044629611     0.0630929917    
Counter({1: 1806, 0: 1798, 2: 1796})
==== Stage 3: Domain-invariant + HardNCE ====
epoch            total_loss       cls_loss         dis_loss         hard_loss       
0                1.0711628199     0.0080133639     1.0614929199     0.0055218935    
0.9711111111111111
0.9733333333333334

======== ROUND 38 ========
==== Stage 1: SupCon Pre-training ====
epoch            total_loss       cls_loss        
0                0.0024328923     0.0024328923    
1                0.0010396607     0.0010396607    
==== Stage 2: Latent Domain PCL ====
epoch            total_loss       dis_loss         proto_loss       ent_pen_loss    
0                5.1388130188     5.1368966103     0.0009812752     0.0014259706    
Counter({1: 1803, 2: 1800, 0: 1797})
==== Stage 3: Domain-invariant + HardNCE ====
epoch            total_loss       cls_loss         dis_loss         hard_loss       
0                1.0065456629     0.0048464485     0.9988776445     0.0094052162    
0.9674074074074074
0.9733333333333334

======== ROUND 39 ========
==== Stage 1: SupCon Pre-training ====
epoch            total_loss       cls_loss        
0                0.0006255913     0.0006255913    
1                0.0003941593     0.0003941593    
==== Stage 2: Latent Domain PCL ====
epoch            total_loss       dis_loss         proto_loss       ent_pen_loss    
0                4.9927644730     4.9826073647     0.0011490671     0.0095823081    
Counter({2: 2674, 0: 1819, 1: 907})
==== Stage 3: Domain-invariant + HardNCE ====
epoch            total_loss       cls_loss         dis_loss         hard_loss       
0                1.6043556929     0.0071515255     1.5882600546     0.0298136882    
0.9711111111111111
0.9733333333333334

======== ROUND 40 ========
==== Stage 1: SupCon Pre-training ====
epoch            total_loss       cls_loss        
0                0.0011053871     0.0011053871    
1                0.0006281026     0.0006281026    
==== Stage 2: Latent Domain PCL ====
epoch            total_loss       dis_loss         proto_loss       ent_pen_loss    
0                5.0834274292     5.0634746552     0.0014409665     0.0192320347    
Counter({2: 2677, 0: 1822, 1: 901})
==== Stage 3: Domain-invariant + HardNCE ====
epoch            total_loss       cls_loss         dis_loss         hard_loss       
0                1.5466061831     0.0257220287     1.5175141096     0.0112333698    
0.9688888888888889
0.9733333333333334

======== ROUND 41 ========
==== Stage 1: SupCon Pre-training ====
epoch            total_loss       cls_loss        
0                0.0006443094     0.0006443094    
1                0.0003380395     0.0003380395    
==== Stage 2: Latent Domain PCL ====
epoch            total_loss       dis_loss         proto_loss       ent_pen_loss    
0                4.0461692810     3.9916722775     0.0376626924     0.0356652848    
Counter({0: 2699, 2: 1800, 1: 901})
==== Stage 3: Domain-invariant + HardNCE ====
epoch            total_loss       cls_loss         dis_loss         hard_loss       
0                0.9329785109     0.0037577078     0.9248996973     0.0144037409    
0.9681481481481482
0.9733333333333334

======== ROUND 42 ========
==== Stage 1: SupCon Pre-training ====
epoch            total_loss       cls_loss        
0                0.0003646279     0.0003646279    
1                0.0045729368     0.0045729368    
==== Stage 2: Latent Domain PCL ====
epoch            total_loss       dis_loss         proto_loss       ent_pen_loss    
0                4.5186996460     4.4884896278     0.0011570237     0.0296316408    
Counter({0: 2698, 2: 1802, 1: 900})
==== Stage 3: Domain-invariant + HardNCE ====
epoch            total_loss       cls_loss         dis_loss         hard_loss       
0                0.8895384669     0.0042744321     0.8762413859     0.0300754718    
0.9711111111111111
0.9733333333333334

======== ROUND 43 ========
==== Stage 1: SupCon Pre-training ====
epoch            total_loss       cls_loss        
0                0.0010045995     0.0010045995    
1                0.1081376970     0.1081376970    
==== Stage 2: Latent Domain PCL ====
epoch            total_loss       dis_loss         proto_loss       ent_pen_loss    
0                4.7178301811     4.6581254005     0.0042177811     0.0575957373    
Counter({0: 2703, 2: 1796, 1: 901})
==== Stage 3: Domain-invariant + HardNCE ====
epoch            total_loss       cls_loss         dis_loss         hard_loss       
0                0.7923838496     0.0042246138     0.7782546878     0.0330151729    
0.9703703703703703
0.9733333333333334

======== ROUND 44 ========
==== Stage 1: SupCon Pre-training ====
epoch            total_loss       cls_loss        
0                0.0002258437     0.0002258437    
1                0.0004407845     0.0004407845    
==== Stage 2: Latent Domain PCL ====
epoch            total_loss       dis_loss         proto_loss       ent_pen_loss    
0                4.7062144279     4.6879329681     0.0005891721     0.0179868266    
Counter({0: 2704, 2: 1798, 1: 898})
==== Stage 3: Domain-invariant + HardNCE ====
epoch            total_loss       cls_loss         dis_loss         hard_loss       
0                0.6018011570     0.0019956038     0.5972514749     0.0085134907    
0.9688888888888889
0.9733333333333334

======== ROUND 45 ========
==== Stage 1: SupCon Pre-training ====
epoch            total_loss       cls_loss        
0                0.0060281097     0.0060281097    
1                0.0004135088     0.0004135088    
==== Stage 2: Latent Domain PCL ====
epoch            total_loss       dis_loss         proto_loss       ent_pen_loss    
0                4.7035379410     4.6837105751     0.0011899865     0.0192320347    
Counter({2: 2506, 0: 1956, 1: 938})
==== Stage 3: Domain-invariant + HardNCE ====
epoch            total_loss       cls_loss         dis_loss         hard_loss       
0                0.5019257665     0.0220617484     0.4768149555     0.0101635456    
0.9718518518518519
0.9733333333333334

======== ROUND 46 ========
==== Stage 1: SupCon Pre-training ====
epoch            total_loss       cls_loss        
0                0.0073318579     0.0073318579    
1                0.0001237708     0.0001237708    
==== Stage 2: Latent Domain PCL ====
epoch            total_loss       dis_loss         proto_loss       ent_pen_loss    
0                4.1660537720     4.0760073662     0.1165585965     0.0317666605    
Counter({2: 2703, 1: 1797, 0: 900})
==== Stage 3: Domain-invariant + HardNCE ====
epoch            total_loss       cls_loss         dis_loss         hard_loss       
0                0.4781280756     0.0070661553     0.4680783451     0.0099452343    
0.9711111111111111
0.9733333333333334

======== ROUND 47 ========
==== Stage 1: SupCon Pre-training ====
epoch            total_loss       cls_loss        
0                0.0003281423     0.0003281423    
1                0.0020444447     0.0020444447    
==== Stage 2: Latent Domain PCL ====
epoch            total_loss       dis_loss         proto_loss       ent_pen_loss    
0                4.2525386810     4.2144761086     0.0047945422     0.0356652848    
Counter({2: 2702, 1: 1799, 0: 899})
==== Stage 3: Domain-invariant + HardNCE ====
epoch            total_loss       cls_loss         dis_loss         hard_loss       
0                0.6925598383     0.0012678356     0.6899499893     0.0044732494    
0.9651851851851851
0.9733333333333334

======== ROUND 48 ========
==== Stage 1: SupCon Pre-training ====
epoch            total_loss       cls_loss        
0                0.0002694101     0.0002694101    
1                0.0006807335     0.0006807335    
==== Stage 2: Latent Domain PCL ====
epoch            total_loss       dis_loss         proto_loss       ent_pen_loss    
0                4.5127048492     4.4752788544     0.0035205546     0.0356652848    
Counter({2: 2701, 1: 1800, 0: 899})
==== Stage 3: Domain-invariant + HardNCE ====
epoch            total_loss       cls_loss         dis_loss         hard_loss       
0                0.5840495229     0.0012429203     0.5815343261     0.0042408309    
0.9674074074074074
0.9733333333333334

======== ROUND 49 ========
==== Stage 1: SupCon Pre-training ====
epoch            total_loss       cls_loss        
0                0.0024583361     0.0024583361    
1                0.0003607187     0.0003607187    
==== Stage 2: Latent Domain PCL ====
epoch            total_loss       dis_loss         proto_loss       ent_pen_loss    
0                4.4979991913     4.4870343208     0.0005055544     0.0107119847    
Counter({2: 1804, 1: 1801, 0: 1795})
==== Stage 3: Domain-invariant + HardNCE ====
epoch            total_loss       cls_loss         dis_loss         hard_loss       
0                0.9008200169     0.0034181208     0.8955108523     0.0063033104    
0.9733333333333334
0.9733333333333334

Results saved to log/widar_cross_ori
acc.txt: log/widar_cross_ori/acc.txt
bestacc.txt: log/widar_cross_ori/bestacc.txt
